[2025-03-18T16:31:41.007Z] Début de la préparation du serveur HTTPS...
[2025-03-18T16:31:41.052Z] Node.js déjà disponible.
[2025-03-18T16:31:41.288Z] http-server déjà disponible.
[2025-03-18T16:31:41.324Z] OpenSSL déjà disponible.
[2025-03-18T16:31:41.325Z] Génération d’un certificat auto-signé pour localhost...
[2025-03-18T16:31:41.530Z] Certificat auto-signé généré.
[2025-03-18T16:31:41.530Z] Ajout du certificat au magasin de certificats Windows...
[2025-03-18T16:31:41.596Z] Certificat approuvé avec succès.
[2025-03-18T16:31:41.597Z] Démarrage du serveur HTTPS sur le port 8080...
[2025-03-18T16:31:41.668Z] Serveur HTTPS démarré avec succès.
[2025-03-18T16:31:41.669Z] Navigateur par défaut détecté : chrome
[2025-03-18T16:31:41.670Z] Lancement du navigateur avec le profil par défaut...
[2025-03-18T16:31:41.679Z] Navigateur lancé avec succès (PID: 12588).
[2025-03-18T16:31:41.679Z] Serveur en cours d’exécution. Maintien du processus actif...
[2025-03-18T17:08:04.334Z] Début de la préparation du serveur HTTPS...
[2025-03-18T17:08:04.382Z] Node.js déjà disponible.
[2025-03-18T17:08:04.651Z] http-server déjà disponible.
[2025-03-18T17:08:04.690Z] OpenSSL déjà disponible.
[2025-03-18T17:08:04.691Z] Génération d’un certificat auto-signé pour localhost...
[2025-03-18T17:08:04.826Z] Certificat auto-signé généré.
[2025-03-18T17:08:04.827Z] Ajout du certificat au magasin de certificats Windows...
[2025-03-18T17:08:04.901Z] Certificat approuvé avec succès.
[2025-03-18T17:08:04.902Z] Démarrage du serveur HTTPS sur le port 8080...
[2025-03-18T17:08:04.979Z] Serveur HTTPS démarré avec succès.
[2025-03-18T17:08:04.980Z] Navigateur par défaut détecté : chrome
[2025-03-18T17:08:04.980Z] Lancement du navigateur avec le profil par défaut...
[2025-03-18T17:08:04.990Z] Navigateur lancé avec succès (PID: 8248).
[2025-03-18T17:08:04.991Z] Serveur en cours d’exécution. Maintien du processus actif...
[2025-03-18T17:24:39.602Z] Début de la préparation du serveur HTTPS...
[2025-03-18T17:24:39.653Z] Node.js déjà disponible.
[2025-03-18T17:24:39.920Z] http-server déjà disponible.
[2025-03-18T17:24:39.959Z] OpenSSL déjà disponible.
[2025-03-18T17:24:39.960Z] Génération d’un certificat auto-signé pour localhost...
[2025-03-18T17:24:40.088Z] Certificat auto-signé généré.
[2025-03-18T17:24:40.089Z] Ajout du certificat au magasin de certificats Windows...
[2025-03-18T17:24:40.162Z] Certificat approuvé avec succès.
[2025-03-18T17:24:40.163Z] Démarrage du serveur HTTPS sur le port 8080...
[2025-03-18T17:24:40.237Z] Serveur HTTPS démarré avec succès.
[2025-03-18T17:24:40.238Z] Navigateur par défaut détecté : chrome
[2025-03-18T17:24:40.239Z] Lancement du navigateur avec le profil par défaut...
[2025-03-18T17:24:40.249Z] Navigateur lancé avec succès (PID: 15216).
[2025-03-18T17:24:40.250Z] Serveur en cours d’exécution. Maintien du processus actif...
[2025-03-18T18:07:50.786Z] Début de la préparation du serveur HTTPS...
[2025-03-18T18:07:50.834Z] Node.js déjà disponible.
[2025-03-18T18:07:51.079Z] http-server déjà disponible.
[2025-03-18T18:07:51.117Z] OpenSSL déjà disponible.
[2025-03-18T18:07:51.118Z] Génération d’un certificat auto-signé pour localhost...
[2025-03-18T18:07:51.292Z] Certificat auto-signé généré.
[2025-03-18T18:07:51.293Z] Ajout du certificat au magasin de certificats Windows...
[2025-03-18T18:07:51.359Z] Certificat approuvé avec succès.
[2025-03-18T18:07:51.360Z] Démarrage du serveur HTTPS sur le port 8080...
[2025-03-18T18:07:51.430Z] Serveur HTTPS démarré avec succès.
[2025-03-18T18:07:51.432Z] Navigateur par défaut détecté : chrome
[2025-03-18T18:07:51.432Z] Lancement du navigateur avec le profil par défaut...
[2025-03-18T18:07:51.442Z] Navigateur lancé avec succès (PID: 9452).
[2025-03-18T18:07:51.444Z] Serveur en cours d’exécution. Maintien du processus actif...
[2025-03-18T18:35:25.364Z] Début de la préparation du serveur HTTPS...
[2025-03-18T18:35:25.413Z] Node.js déjà disponible.
[2025-03-18T18:35:25.688Z] http-server déjà disponible.
[2025-03-18T18:35:25.728Z] OpenSSL déjà disponible.
[2025-03-18T18:35:25.729Z] Génération d’un certificat auto-signé pour localhost...
[2025-03-18T18:35:25.853Z] Certificat auto-signé généré.
[2025-03-18T18:35:25.854Z] Ajout du certificat au magasin de certificats Windows...
[2025-03-18T18:35:25.926Z] Certificat approuvé avec succès.
[2025-03-18T18:35:25.927Z] Démarrage du serveur HTTPS sur le port 8080...
[2025-03-18T18:35:26.005Z] Serveur HTTPS démarré avec succès.
[2025-03-18T18:35:26.006Z] Navigateur par défaut détecté : chrome
[2025-03-18T18:35:26.007Z] Lancement du navigateur avec le profil par défaut...
[2025-03-18T18:35:26.018Z] Navigateur lancé avec succès (PID: 4164).
[2025-03-18T18:35:26.019Z] Serveur en cours d’exécution. Maintien du processus actif...
[2025-03-18T19:13:47.884Z] Début de la préparation du serveur HTTPS...
[2025-03-18T19:13:47.935Z] Node.js déjà disponible.
[2025-03-18T19:13:48.212Z] http-server déjà disponible.
[2025-03-18T19:13:48.253Z] OpenSSL déjà disponible.
[2025-03-18T19:13:48.253Z] Génération d’un certificat auto-signé pour localhost...
[2025-03-18T19:13:48.343Z] Certificat auto-signé généré.
[2025-03-18T19:13:48.344Z] Ajout du certificat au magasin de certificats Windows...
[2025-03-18T19:13:48.419Z] Certificat approuvé avec succès.
[2025-03-18T19:13:48.420Z] Démarrage du serveur HTTPS sur le port 8080...
[2025-03-18T19:13:48.471Z] Attente du démarrage du serveur...
[2025-03-18T19:13:49.578Z] Serveur HTTPS démarré avec succès.
[2025-03-18T19:13:49.579Z] Navigateur par défaut détecté : chrome
[2025-03-18T19:13:49.580Z] Lancement du navigateur avec le profil par défaut...
[2025-03-18T19:13:49.588Z] Navigateur lancé avec succès (PID: 11232).
[2025-03-18T19:13:49.589Z] Serveur en cours d’exécution. Maintien du processus actif...
[2025-03-18T20:00:27.104Z] Début de la préparation du serveur HTTPS...
[2025-03-18T20:00:27.148Z] Node.js déjà disponible.
[2025-03-18T20:00:27.413Z] http-server déjà disponible.
[2025-03-18T20:00:27.452Z] OpenSSL déjà disponible.
[2025-03-18T20:00:27.453Z] Génération d’un certificat auto-signé pour localhost...
[2025-03-18T20:00:27.550Z] Certificat auto-signé généré.
[2025-03-18T20:00:27.551Z] Ajout du certificat au magasin de certificats Windows...
[2025-03-18T20:00:27.625Z] Certificat approuvé avec succès.
[2025-03-18T20:00:27.626Z] Démarrage du serveur HTTPS sur le port 8080...
[2025-03-18T20:00:27.675Z] Attente du démarrage du serveur...
[2025-03-18T20:00:28.781Z] Serveur HTTPS démarré avec succès.
[2025-03-18T20:00:28.782Z] Navigateur par défaut détecté : chrome
[2025-03-18T20:00:28.783Z] Lancement du navigateur avec le profil par défaut...
[2025-03-18T20:00:28.793Z] Navigateur lancé avec succès (PID: 15740).
[2025-03-18T20:00:28.793Z] Serveur en cours d’exécution. Maintien du processus actif...
[2025-03-18T20:08:17.060Z] Début de la préparation du serveur HTTPS...
[2025-03-18T20:08:17.112Z] Node.js déjà disponible.
[2025-03-18T20:08:17.391Z] http-server déjà disponible.
[2025-03-18T20:08:17.429Z] OpenSSL déjà disponible.
[2025-03-18T20:08:17.430Z] Génération d’un certificat auto-signé pour localhost...
[2025-03-18T20:08:17.552Z] Certificat auto-signé généré.
[2025-03-18T20:08:17.553Z] Ajout du certificat au magasin de certificats Windows...
[2025-03-18T20:08:17.625Z] Certificat approuvé avec succès.
[2025-03-18T20:08:17.626Z] Démarrage du serveur HTTPS sur le port 8080...
[2025-03-18T20:08:17.673Z] Attente du démarrage du serveur...
[2025-03-18T20:08:18.773Z] Serveur HTTPS démarré avec succès.
[2025-03-18T20:08:18.775Z] Navigateur par défaut détecté : chrome
[2025-03-18T20:08:18.775Z] Lancement du navigateur avec le profil par défaut...
[2025-03-18T20:08:18.784Z] Navigateur lancé avec succès (PID: 16940).
[2025-03-18T20:08:18.785Z] Serveur en cours d’exécution. Maintien du processus actif...
[2025-03-18T20:17:17.104Z] Début de la préparation du serveur HTTPS...
[2025-03-18T20:17:17.152Z] Node.js déjà disponible.
[2025-03-18T20:17:17.433Z] http-server déjà disponible.
[2025-03-18T20:17:17.468Z] OpenSSL déjà disponible.
[2025-03-18T20:17:17.469Z] Génération d’un certificat auto-signé pour localhost...
[2025-03-18T20:17:17.583Z] Certificat auto-signé généré.
[2025-03-18T20:17:17.584Z] Ajout du certificat au magasin de certificats Windows...
[2025-03-18T20:17:17.650Z] Certificat approuvé avec succès.
[2025-03-18T20:17:17.651Z] Démarrage du serveur HTTPS sur le port 8080...
[2025-03-18T20:17:17.696Z] Attente du démarrage du serveur...
[2025-03-18T20:17:18.791Z] Serveur HTTPS démarré avec succès.
[2025-03-18T20:17:18.793Z] Navigateur par défaut détecté : chrome
[2025-03-18T20:17:18.794Z] Lancement du navigateur avec le profil par défaut...
[2025-03-18T20:17:18.802Z] Navigateur lancé avec succès (PID: 6932).
[2025-03-18T20:17:18.803Z] Serveur en cours d’exécution. Maintien du processus actif...
[2025-03-18T20:49:00.014Z] Début de la préparation du serveur HTTPS...
[2025-03-18T20:49:00.069Z] Node.js déjà disponible.
[2025-03-18T20:49:00.356Z] http-server déjà disponible.
[2025-03-18T20:49:00.399Z] OpenSSL déjà disponible.
[2025-03-18T20:49:00.400Z] Génération d’un certificat auto-signé pour localhost...
[2025-03-18T20:49:00.494Z] Certificat auto-signé généré.
[2025-03-18T20:49:00.495Z] Ajout du certificat au magasin de certificats Windows...
[2025-03-18T20:49:00.571Z] Certificat approuvé avec succès.
[2025-03-18T20:49:00.572Z] Démarrage du serveur HTTPS sur le port 8080...
[2025-03-18T20:49:00.622Z] Attente du démarrage du serveur...
[2025-03-18T20:49:01.737Z] Serveur HTTPS démarré avec succès.
[2025-03-18T20:49:01.738Z] Navigateur par défaut détecté : chrome
[2025-03-18T20:49:01.739Z] Lancement du navigateur avec le profil par défaut...
[2025-03-18T20:49:01.750Z] Navigateur lancé avec succès (PID: 11160).
[2025-03-18T20:49:01.750Z] Serveur en cours d’exécution. Maintien du processus actif...
[2025-03-18T20:51:06.243Z] Début de la préparation du serveur HTTPS...
[2025-03-18T20:51:06.292Z] Node.js déjà disponible.
[2025-03-18T20:51:06.574Z] http-server déjà disponible.
[2025-03-18T20:51:06.620Z] OpenSSL déjà disponible.
[2025-03-18T20:51:06.621Z] Génération d’un certificat auto-signé pour localhost...
[2025-03-18T20:51:06.762Z] Certificat auto-signé généré.
[2025-03-18T20:51:06.763Z] Ajout du certificat au magasin de certificats Windows...
[2025-03-18T20:51:06.838Z] Certificat approuvé avec succès.
[2025-03-18T20:51:06.839Z] Démarrage du serveur HTTPS sur le port 8080...
[2025-03-18T20:51:06.918Z] Serveur HTTPS démarré avec succès.
[2025-03-18T20:51:06.919Z] Navigateur par défaut détecté : chrome
[2025-03-18T20:51:06.920Z] Lancement du navigateur avec le profil par défaut...
[2025-03-18T20:51:06.931Z] Navigateur lancé avec succès (PID: 10296).
[2025-03-18T20:51:06.933Z] Serveur en cours d’exécution. Maintien du processus actif...
[2025-03-18T21:03:23.749Z] Début de la préparation du serveur HTTPS...
[2025-03-18T21:03:23.798Z] Node.js déjà disponible.
[2025-03-18T21:03:24.074Z] http-server déjà disponible.
[2025-03-18T21:03:24.118Z] OpenSSL déjà disponible.
[2025-03-18T21:03:24.119Z] Génération d’un certificat auto-signé pour localhost...
[2025-03-18T21:03:24.225Z] Certificat auto-signé généré.
[2025-03-18T21:03:24.225Z] Ajout du certificat au magasin de certificats Windows...
[2025-03-18T21:03:24.300Z] Certificat approuvé avec succès.
[2025-03-18T21:03:24.301Z] Démarrage du serveur HTTPS sur le port 8080...
[2025-03-18T21:03:24.349Z] Attente du démarrage du serveur...
[2025-03-18T21:03:25.446Z] Serveur HTTPS démarré avec succès.
[2025-03-18T21:03:25.447Z] Navigateur par défaut détecté : chrome
[2025-03-18T21:03:25.448Z] Lancement du navigateur avec le profil par défaut...
[2025-03-18T21:03:25.456Z] Navigateur lancé avec succès (PID: 9772).
[2025-03-18T21:03:25.457Z] Serveur en cours d’exécution. Maintien du processus actif...
[2025-03-18T21:04:33.565Z] Début de la préparation du serveur HTTPS...
[2025-03-18T21:04:33.618Z] Node.js déjà disponible.
[2025-03-18T21:04:33.896Z] http-server déjà disponible.
[2025-03-18T21:04:33.933Z] OpenSSL déjà disponible.
[2025-03-18T21:04:33.934Z] Génération d’un certificat auto-signé pour localhost...
[2025-03-18T21:04:34.179Z] Certificat auto-signé généré.
[2025-03-18T21:04:34.180Z] Ajout du certificat au magasin de certificats Windows...
[2025-03-18T21:04:34.248Z] Certificat approuvé avec succès.
[2025-03-18T21:04:34.249Z] Démarrage du serveur HTTPS sur le port 8080...
[2025-03-18T21:04:34.321Z] Serveur HTTPS démarré avec succès.
[2025-03-18T21:04:34.322Z] Navigateur par défaut détecté : chrome
[2025-03-18T21:04:34.323Z] Lancement du navigateur avec le profil par défaut...
[2025-03-18T21:04:34.334Z] Navigateur lancé avec succès (PID: 7908).
[2025-03-18T21:04:34.334Z] Serveur en cours d’exécution. Maintien du processus actif...
[2025-03-18T21:06:29.619Z] Début de la préparation du serveur HTTPS...
[2025-03-18T21:06:29.666Z] Node.js déjà disponible.
[2025-03-18T21:06:29.942Z] http-server déjà disponible.
[2025-03-18T21:06:29.979Z] OpenSSL déjà disponible.
[2025-03-18T21:06:29.980Z] Génération d’un certificat auto-signé pour localhost...
[2025-03-18T21:06:30.134Z] Certificat auto-signé généré.
[2025-03-18T21:06:30.135Z] Ajout du certificat au magasin de certificats Windows...
[2025-03-18T21:06:30.200Z] Certificat approuvé avec succès.
[2025-03-18T21:06:30.201Z] Démarrage du serveur HTTPS sur le port 8080...
[2025-03-18T21:06:30.276Z] Serveur HTTPS démarré avec succès.
[2025-03-18T21:06:30.277Z] Navigateur par défaut détecté : chrome
[2025-03-18T21:06:30.278Z] Lancement du navigateur avec le profil par défaut...
[2025-03-18T21:06:30.288Z] Navigateur lancé avec succès (PID: 15740).
[2025-03-18T21:06:30.289Z] Serveur en cours d’exécution. Maintien du processus actif...
[2025-03-18T21:07:23.811Z] Début de la préparation du serveur HTTPS...
[2025-03-18T21:07:23.859Z] Node.js déjà disponible.
[2025-03-18T21:07:24.128Z] http-server déjà disponible.
[2025-03-18T21:07:24.164Z] OpenSSL déjà disponible.
[2025-03-18T21:07:24.165Z] Génération d’un certificat auto-signé pour localhost...
[2025-03-18T21:07:24.258Z] Certificat auto-signé généré.
[2025-03-18T21:07:24.259Z] Ajout du certificat au magasin de certificats Windows...
[2025-03-18T21:07:24.329Z] Certificat approuvé avec succès.
[2025-03-18T21:07:24.330Z] Démarrage du serveur HTTPS sur le port 8080...
[2025-03-18T21:07:24.407Z] Serveur HTTPS démarré avec succès.
[2025-03-18T21:07:24.408Z] Navigateur par défaut détecté : chrome
[2025-03-18T21:07:24.409Z] Lancement du navigateur avec le profil par défaut...
[2025-03-18T21:07:24.420Z] Navigateur lancé avec succès (PID: 13076).
[2025-03-18T21:07:24.421Z] Serveur en cours d’exécution. Maintien du processus actif...
[2025-03-18T21:09:57.761Z] Début de la préparation du serveur HTTPS...
[2025-03-18T21:09:57.812Z] Node.js déjà disponible.
[2025-03-18T21:09:58.089Z] http-server déjà disponible.
[2025-03-18T21:09:58.140Z] OpenSSL déjà disponible.
[2025-03-18T21:09:58.143Z] Génération d’un certificat auto-signé pour localhost...
[2025-03-18T21:09:58.230Z] Certificat auto-signé généré.
[2025-03-18T21:09:58.231Z] Ajout du certificat au magasin de certificats Windows...
[2025-03-18T21:09:58.294Z] Certificat approuvé avec succès.
[2025-03-18T21:09:58.295Z] Démarrage du serveur HTTPS sur le port 8080...
[2025-03-18T21:09:58.340Z] Attente du démarrage du serveur...
[2025-03-18T21:09:59.442Z] Serveur HTTPS démarré avec succès.
[2025-03-18T21:09:59.444Z] Navigateur par défaut détecté : chrome
[2025-03-18T21:09:59.444Z] Lancement du navigateur avec le profil par défaut...
[2025-03-18T21:09:59.453Z] Navigateur lancé avec succès (PID: 8784).
[2025-03-18T21:09:59.454Z] Serveur en cours d’exécution. Maintien du processus actif...
[2025-03-19T12:30:41.599Z] Début de la préparation du serveur HTTPS...
[2025-03-19T12:30:41.643Z] Node.js déjà disponible.
[2025-03-19T12:30:43.735Z] http-server déjà disponible.
[2025-03-19T12:30:43.904Z] OpenSSL déjà disponible.
[2025-03-19T12:30:43.904Z] Génération d’un certificat auto-signé pour localhost...
[2025-03-19T12:30:43.997Z] Certificat auto-signé généré.
[2025-03-19T12:30:43.998Z] Ajout du certificat au magasin de certificats Windows...
[2025-03-19T12:30:44.068Z] Certificat approuvé avec succès.
[2025-03-19T12:30:44.069Z] Démarrage du serveur HTTPS sur le port 8080...
[2025-03-19T12:30:44.117Z] Attente du démarrage du serveur...
[2025-03-19T12:30:45.217Z] Serveur HTTPS démarré avec succès.
[2025-03-19T12:30:45.218Z] Navigateur par défaut détecté : chrome
[2025-03-19T12:30:45.219Z] Lancement du navigateur avec le profil par défaut...
[2025-03-19T12:30:45.227Z] Navigateur lancé avec succès (PID: 1940).
[2025-03-19T12:30:45.227Z] Serveur en cours d’exécution. Maintien du processus actif...
