[2025-03-13T17:16:18.276Z] Fichier project.log créé.
[2025-03-13T17:16:18.284Z] Démarrage de UpdateProject.js V2...
[2025-03-13T17:16:18.284Z] -------------
[2025-03-13T17:16:18.286Z] GitHub.js créé ou mis à jour dans src/GitHub avec succès.
[2025-03-13T17:16:18.301Z] Ajout des fichiers locaux au staging...
[2025-03-13T17:16:18.458Z] Fichiers ajoutés au staging avec succès.
[2025-03-13T17:16:18.458Z] Création du commit pour la release V1.1.0...
[2025-03-13T17:16:18.744Z] Commit créé avec succès.
[2025-03-13T17:16:18.745Z] Push des modifications vers origin/main...
[2025-03-13T17:16:22.465Z] Modifications poussées avec succès vers origin/main.
[2025-03-13T17:16:22.466Z] Création de la release V1.1.0 sur GitHub...
[2025-03-13T17:24:46.389Z] Démarrage de UpdateProject.js V2...
[2025-03-13T17:24:46.394Z] -------------
[2025-03-13T17:24:46.395Z] GitHub.js créé ou mis à jour dans src/GitHub avec succès.
[2025-03-13T17:24:46.410Z] Ajout des fichiers locaux au staging...
[2025-03-13T17:24:46.483Z] Fichiers ajoutés au staging avec succès.
[2025-03-13T17:24:46.484Z] Création du commit pour la release V1.1.0...
[2025-03-13T17:24:46.662Z] Commit créé avec succès.
[2025-03-13T17:24:46.663Z] Push des modifications vers origin/main...
[2025-03-13T17:24:48.441Z] Modifications poussées avec succès vers origin/main.
[2025-03-13T17:24:48.459Z] GitHub CLI (gh) non détecté, installation via Chocolatey...
[2025-03-13T17:24:48.478Z] Échec de l’installation de gh : Command failed: choco install gh -y
[2025-03-13T17:30:43.770Z] Démarrage de UpdateProject.js V2...
[2025-03-13T17:30:43.778Z] -------------
[2025-03-13T17:30:43.779Z] GitHub.js créé ou mis à jour dans src/GitHub avec succès.
[2025-03-13T17:30:43.797Z] Ajout des fichiers locaux au staging...
